<?xml version="1.0" encoding="UTF-8"?>
<!-- Generated by org.testng.reporters.JUnitReportReporter -->
<testsuite hostname="DESKTOP-B4E308O" failures="0" tests="4" name="ParallelExecutionTest.ParallelClasses" time="0.050" errors="0" timestamp="2021-09-06T10:47:30 IST" skipped="0">
  <testcase classname="ParallelExecutionTest.ParallelClasses" name="TestTwo" time="0.003"/>
  <system-out/>
  <testcase classname="ParallelExecutionTest.ParallelClasses" name="TestOne" time="0.023"/>
  <system-out/>
  <testcase classname="ParallelExecutionTest.ParallelClasses" name="TestTwo" time="0.001"/>
  <system-out/>
  <testcase classname="ParallelExecutionTest.ParallelClasses" name="TestOne" time="0.023"/>
  <system-out/>
</testsuite> <!-- ParallelExecutionTest.ParallelClasses -->
