<?xml version="1.0" encoding="UTF-8"?>
<!-- Generated by org.testng.reporters.JUnitReportReporter -->
<testsuite hostname="DESKTOP-B4E308O" failures="0" tests="2" name="com.qatestng.TestNgConcept.ParameterDataProvider" time="0.010" errors="0" timestamp="2021-09-05T21:53:12 IST" skipped="0">
  <testcase classname="com.qatestng.TestNgConcept.ParameterDataProvider" name="dataProviderMethod" time="0.008"/>
  <system-out/>
  <testcase classname="com.qatestng.TestNgConcept.ParameterDataProvider" name="dataProviderMethod" time="0.002"/>
  <system-out/>
</testsuite> <!-- com.qatestng.TestNgConcept.ParameterDataProvider -->
