<?xml version="1.0" encoding="UTF-8"?>
<!-- Generated by org.testng.reporters.JUnitReportReporter -->
<testsuite hostname="DESKTOP-B4E308O" failures="0" tests="4" name="com.qatestng.TestNgConcept.PriorityTestNg" time="0.034" errors="0" timestamp="2021-09-05T17:14:09 IST" skipped="0">
  <testcase classname="com.qatestng.TestNgConcept.PriorityTestNg" name="TestThird" time="0.029"/>
  <system-out/>
  <testcase classname="com.qatestng.TestNgConcept.PriorityTestNg" name="TestFirst" time="0.001"/>
  <system-out/>
  <testcase classname="com.qatestng.TestNgConcept.PriorityTestNg" name="TestSecond" time="0.002"/>
  <system-out/>
  <testcase classname="com.qatestng.TestNgConcept.PriorityTestNg" name="TestForth" time="0.002"/>
  <system-out/>
</testsuite> <!-- com.qatestng.TestNgConcept.PriorityTestNg -->
