<?xml version="1.0" encoding="UTF-8"?>
<!-- Generated by org.testng.reporters.JUnitReportReporter -->
<testsuite hostname="DESKTOP-B4E308O" failures="0" tests="2" name="Annotations.BeforeGroupsTest" time="0.011" errors="0" timestamp="2021-09-06T18:06:42 IST" skipped="0">
  <testcase classname="Annotations.BeforeGroupsTest" name="Register_Test" time="0.001"/>
  <system-out/>
  <testcase classname="Annotations.BeforeGroupsTest" name="Login_Test" time="0.010"/>
  <system-out/>
</testsuite> <!-- Annotations.BeforeGroupsTest -->
