<?xml version="1.0" encoding="UTF-8"?>
<!-- Generated by org.testng.reporters.JUnitReportReporter -->
<testsuite hostname="DESKTOP-B4E308O" failures="0" tests="3" name="GroupsTestNG.GroupsTest" time="0.011" errors="0" timestamp="2021-09-06T20:09:22 IST" skipped="0">
  <testcase classname="GroupsTestNG.GroupsTest" name="smokeTestOne" time="0.001"/>
  <system-out/>
  <testcase classname="GroupsTestNG.GroupsTest" name="functionalTestOne" time="0.009"/>
  <system-out/>
  <testcase classname="GroupsTestNG.GroupsTest" name="smokeTestTwo" time="0.001"/>
  <system-out/>
</testsuite> <!-- GroupsTestNG.GroupsTest -->
