<?xml version="1.0" encoding="UTF-8"?>
<!-- Generated by org.testng.reporters.JUnitReportReporter -->
<testsuite hostname="DESKTOP-B4E308O" failures="0" tests="2" name="com.qatestng.TestNgConcept.ParameterTestNG" time="0.014" errors="0" timestamp="2021-09-05T19:48:24 IST" skipped="0">
  <testcase classname="com.qatestng.TestNgConcept.ParameterTestNG" name="getSuiteLevelParameter" time="0.011"/>
  <system-out/>
  <testcase classname="com.qatestng.TestNgConcept.ParameterTestNG" name="getTestLevelParameter" time="0.003"/>
  <system-out/>
</testsuite> <!-- com.qatestng.TestNgConcept.ParameterTestNG -->
