<?xml version="1.0" encoding="UTF-8"?>
<!-- Generated by org.testng.reporters.JUnitReportReporter -->
<testsuite hostname="DESKTOP-B4E308O" failures="0" tests="4" name="CrossBrowserTestNg.CrossBrowserTest" time="0.040" errors="0" timestamp="2021-09-06T20:51:10 IST" skipped="0">
  <testcase classname="CrossBrowserTestNg.CrossBrowserTest" name="chromeTest" time="0.010"/>
  <system-out/>
  <testcase classname="CrossBrowserTestNg.CrossBrowserTest" name="chromeTest" time="0.010"/>
  <system-out/>
  <testcase classname="CrossBrowserTestNg.CrossBrowserTest" name="chromeTest" time="0.010"/>
  <system-out/>
  <testcase classname="CrossBrowserTestNg.CrossBrowserTest" name="chromeTest" time="0.010"/>
  <system-out/>
</testsuite> <!-- CrossBrowserTestNg.CrossBrowserTest -->
