<?xml version="1.0" encoding="UTF-8"?>
<!-- Generated by org.testng.reporters.JUnitReportReporter -->
<testsuite hostname="DESKTOP-B4E308O" failures="0" tests="4" name="ExcludeAndInclude.EnabledAndDisabledMethods" time="0.001" errors="0" timestamp="2021-09-06T19:52:10 IST" skipped="2">
  <testcase classname="ExcludeAndInclude.EnabledAndDisabledMethods" name="TestFirst" time="0.001"/>
  <system-out/>
  <testcase classname="ExcludeAndInclude.EnabledAndDisabledMethods" name="TestThird" time="0.000"/>
  <system-out/>
  <testcase classname="ExcludeAndInclude.EnabledAndDisabledMethods" name="TestSecond">
    <skipped/>
  </testcase> <!-- TestSecond -->
  <system-out/>
  <testcase classname="ExcludeAndInclude.EnabledAndDisabledMethods" name="TestForth">
    <skipped/>
  </testcase> <!-- TestForth -->
  <system-out/>
</testsuite> <!-- ExcludeAndInclude.EnabledAndDisabledMethods -->
