<?xml version="1.0" encoding="UTF-8"?>
<!-- Generated by org.testng.reporters.JUnitReportReporter -->
<testsuite hostname="DESKTOP-B4E308O" failures="0" tests="4" name="DependsOn.DependsOnTestNG" time="0.006" errors="0" timestamp="2021-09-06T19:52:10 IST" skipped="0">
  <testcase classname="DependsOn.DependsOnTestNG" name="TestTwo" time="0.002"/>
  <system-out/>
  <testcase classname="DependsOn.DependsOnTestNG" name="SecondTest" time="0.001"/>
  <system-out/>
  <testcase classname="DependsOn.DependsOnTestNG" name="TestOne" time="0.001"/>
  <system-out/>
  <testcase classname="DependsOn.DependsOnTestNG" name="FirstTest" time="0.002"/>
  <system-out/>
</testsuite> <!-- DependsOn.DependsOnTestNG -->
