<?xml version="1.0" encoding="UTF-8"?>
<!-- Generated by org.testng.reporters.JUnitReportReporter -->
<testsuite hostname="DESKTOP-B4E308O" failures="0" tests="2" name="ParallelExecutionTest.ParallelExecution" time="0.003" errors="0" timestamp="2021-09-06T10:47:30 IST" skipped="0">
  <testcase classname="ParallelExecutionTest.ParallelExecution" name="TestSecond" time="0.001"/>
  <system-out/>
  <testcase classname="ParallelExecutionTest.ParallelExecution" name="TestFirst" time="0.002"/>
  <system-out/>
</testsuite> <!-- ParallelExecutionTest.ParallelExecution -->
