<?xml version="1.0" encoding="UTF-8"?>
<!-- Generated by org.testng.reporters.JUnitReportReporter -->
<testsuite hostname="DESKTOP-B4E308O" failures="0" tests="2" name="ReporterLogs.AnnotationReprterLogs" time="0.010" errors="0" timestamp="2021-09-06T21:41:05 IST" skipped="0">
  <testcase classname="ReporterLogs.AnnotationReprterLogs" name="Login_Test" time="0.009"/>
  <system-out>
    <![CDATA[This the logs generated for Login_Test ]]>
  </system-out>
  <testcase classname="ReporterLogs.AnnotationReprterLogs" name="Register_Test" time="0.001"/>
  <system-out>
    <![CDATA[This the logs generated for Register_Test]]>
  </system-out>
</testsuite> <!-- ReporterLogs.AnnotationReprterLogs -->
