<?xml version="1.0" encoding="UTF-8"?>
<!-- Generated by org.testng.reporters.JUnitReportReporter -->
<testsuite hostname="DESKTOP-B4E308O" failures="0" tests="2" name="ParameterAndDataProvider.ParameterDataProvider" time="0.001" errors="0" timestamp="2021-09-06T19:52:10 IST" skipped="0">
  <testcase classname="ParameterAndDataProvider.ParameterDataProvider" name="dataProviderMethod" time="0.000"/>
  <system-out/>
  <testcase classname="ParameterAndDataProvider.ParameterDataProvider" name="dataProviderMethod" time="0.001"/>
  <system-out/>
</testsuite> <!-- ParameterAndDataProvider.ParameterDataProvider -->
