<?xml version="1.0" encoding="UTF-8"?>
<!-- Generated by org.testng.reporters.JUnitReportReporter -->
<testsuite hostname="DESKTOP-B4E308O" failures="0" tests="4" name="ExcludeAndInclude.SampleTest" time="0.006" errors="0" timestamp="2021-09-06T19:52:10 IST" skipped="0">
  <testcase classname="ExcludeAndInclude.SampleTest" name="TestForth" time="0.002"/>
  <system-out/>
  <testcase classname="ExcludeAndInclude.SampleTest" name="TestThird" time="0.001"/>
  <system-out/>
  <testcase classname="ExcludeAndInclude.SampleTest" name="TestFirst" time="0.001"/>
  <system-out/>
  <testcase classname="ExcludeAndInclude.SampleTest" name="TestSecond" time="0.002"/>
  <system-out/>
</testsuite> <!-- ExcludeAndInclude.SampleTest -->
