<?xml version="1.0" encoding="UTF-8"?>
<!-- Generated by org.testng.reporters.JUnitReportReporter -->
<testsuite hostname="DESKTOP-B4E308O" failures="0" tests="2" name="DataProviderWithExcel.DataProviderWIthExcel" time="0.014" errors="0" timestamp="2021-09-06T20:23:45 IST" skipped="0">
  <testcase classname="DataProviderWithExcel.DataProviderWIthExcel" name="main_Test" time="0.010"/>
  <system-out/>
  <testcase classname="DataProviderWithExcel.DataProviderWIthExcel" name="main_Test" time="0.004"/>
  <system-out/>
</testsuite> <!-- DataProviderWithExcel.DataProviderWIthExcel -->
