<?xml version="1.0" encoding="UTF-8"?>
<!-- Generated by org.testng.reporters.JUnitReportReporter -->
<testsuite hostname="DESKTOP-B4E308O" failures="0" tests="4" name="Priority.PriorityTestNg" time="0.015" errors="0" timestamp="2021-09-06T19:52:10 IST" skipped="0">
  <testcase classname="Priority.PriorityTestNg" name="TestThird" time="0.008"/>
  <system-out/>
  <testcase classname="Priority.PriorityTestNg" name="TestFirst" time="0.002"/>
  <system-out/>
  <testcase classname="Priority.PriorityTestNg" name="TestSecond" time="0.002"/>
  <system-out/>
  <testcase classname="Priority.PriorityTestNg" name="TestForth" time="0.003"/>
  <system-out/>
</testsuite> <!-- Priority.PriorityTestNg -->
