<?xml version="1.0" encoding="UTF-8"?>
<!-- Generated by org.testng.reporters.JUnitReportReporter -->
<testsuite hostname="DESKTOP-B4E308O" failures="0" tests="2" name="Annotations.Annotation" time="0.015" errors="0" timestamp="2021-09-06T17:55:18 IST" skipped="0">
  <testcase classname="Annotations.Annotation" name="Login_Test" time="0.009"/>
  <system-out/>
  <testcase classname="Annotations.Annotation" name="Register_Test" time="0.006"/>
  <system-out/>
</testsuite> <!-- Annotations.Annotation -->
